<?xml version="1.0" encoding="UTF-8"?>
<testng-results ignored="0" total="4" passed="4" failed="0" skipped="0">
  <reporter-output>
  </reporter-output>
  <suite started-at="2025-02-10T18:19:45 IST" name="CrossBrowserTest" finished-at="2025-02-10T18:20:14 IST" duration-ms="29412">
    <groups>
    </groups>
    <test started-at="2025-02-10T18:19:45 IST" name="chrome Test" finished-at="2025-02-10T18:20:11 IST" duration-ms="26196">
      <class name="testCases.TC001_LoginTest">
        <test-method is-config="true" signature="setup(java.lang.String)[pri:0, instance:testCases.TC001_LoginTest@5d2a4eed]" started-at="2025-02-10T18:19:45 IST" name="setup" finished-at="2025-02-10T18:19:54 IST" duration-ms="8744" status="PASS">
          <params>
            <param index="0">
              <value>
                <![CDATA[chrome]]>
              </value>
            </param>
          </params>
          <reporter-output>
          </reporter-output>
        </test-method> <!-- setup -->
        <test-method signature="testInValidLogin()[pri:0, instance:testCases.TC001_LoginTest@5d2a4eed]" started-at="2025-02-10T18:19:54 IST" name="testInValidLogin" finished-at="2025-02-10T18:20:00 IST" duration-ms="6565" status="PASS">
          <reporter-output>
          </reporter-output>
        </test-method> <!-- testInValidLogin -->
        <test-method signature="testValidLogin()[pri:1, instance:testCases.TC001_LoginTest@5d2a4eed]" started-at="2025-02-10T18:20:00 IST" name="testValidLogin" finished-at="2025-02-10T18:20:11 IST" duration-ms="10383" status="PASS">
          <reporter-output>
          </reporter-output>
        </test-method> <!-- testValidLogin -->
        <test-method is-config="true" signature="TearDown()[pri:0, instance:testCases.TC001_LoginTest@5d2a4eed]" started-at="2025-02-10T18:20:11 IST" name="TearDown" finished-at="2025-02-10T18:20:11 IST" duration-ms="433" status="PASS">
          <reporter-output>
          </reporter-output>
        </test-method> <!-- TearDown -->
      </class> <!-- testCases.TC001_LoginTest -->
    </test> <!-- chrome Test -->
    <test started-at="2025-02-10T18:19:45 IST" name="edge Test" finished-at="2025-02-10T18:20:14 IST" duration-ms="29412">
      <class name="testCases.TC001_LoginTest">
        <test-method is-config="true" signature="setup(java.lang.String)[pri:0, instance:testCases.TC001_LoginTest@5c8eee0f]" started-at="2025-02-10T18:19:45 IST" name="setup" finished-at="2025-02-10T18:19:56 IST" duration-ms="10920" status="PASS">
          <params>
            <param index="0">
              <value>
                <![CDATA[edge]]>
              </value>
            </param>
          </params>
          <reporter-output>
          </reporter-output>
        </test-method> <!-- setup -->
        <test-method signature="testInValidLogin()[pri:0, instance:testCases.TC001_LoginTest@5c8eee0f]" started-at="2025-02-10T18:19:56 IST" name="testInValidLogin" finished-at="2025-02-10T18:20:03 IST" duration-ms="7213" status="PASS">
          <reporter-output>
          </reporter-output>
        </test-method> <!-- testInValidLogin -->
        <test-method signature="testValidLogin()[pri:1, instance:testCases.TC001_LoginTest@5c8eee0f]" started-at="2025-02-10T18:20:03 IST" name="testValidLogin" finished-at="2025-02-10T18:20:13 IST" duration-ms="9671" status="PASS">
          <reporter-output>
          </reporter-output>
        </test-method> <!-- testValidLogin -->
        <test-method is-config="true" signature="TearDown()[pri:0, instance:testCases.TC001_LoginTest@5c8eee0f]" started-at="2025-02-10T18:20:13 IST" name="TearDown" finished-at="2025-02-10T18:20:14 IST" duration-ms="1574" status="PASS">
          <reporter-output>
          </reporter-output>
        </test-method> <!-- TearDown -->
      </class> <!-- testCases.TC001_LoginTest -->
    </test> <!-- edge Test -->
  </suite> <!-- CrossBrowserTest -->
</testng-results>
