<?xml version="1.0" encoding="UTF-8"?>
<!-- Generated by org.testng.reporters.JUnitXMLReporter -->
<testsuite ignored="0" hostname="L-INE-FZR4PL3" failures="0" tests="3" name="Test" time="39.811" errors="0" timestamp="2025-02-14T22:58:29 IST">
  <testcase classname="testCases.TC002_AddEmployee" name="createEmployee" time="13.4"/>
  <testcase classname="testCases.TC002_AddEmployee" name="createEmployee" time="10.188"/>
  <testcase classname="testCases.TC002_AddEmployee" name="createEmployee" time="10.174"/>
</testsuite> <!-- Test -->
